[2025-03-05 22:20:05] UPID:pve:00011E3B:0024A2A2:67C8CE15:qmclone:100:root@pam!panelx:; clone from: pve ID: 101
[2025-03-05 22:20:05] UPID:pve:00011E3B:0024A2A2:67C8CE15:qmclone:100:root@pam!panelx:; Still waiting on: pve
[2025-03-05 22:20:06] UPID:pve:00011E3B:0024A2A2:67C8CE15:qmclone:100:root@pam!panelx:; Still waiting on: pve
[2025-03-05 22:20:06] UPID:pve:00011E3B:0024A2A2:67C8CE15:qmclone:100:root@pam!panelx: Done
[2025-03-05 22:20:06] Updated: 101
[2025-03-05 22:20:06] Netconfig: virtio,bridge=vmbr0,firewall=1
[2025-03-05 22:20:06] disk resize: scsi0 on VMID: 101
[2025-03-05 22:20:07] UPID:pve:00011E61:0024A343:67C8CE17:qmstart:101:root@pam!panelx:; Start server: 101
[2025-03-05 22:20:07] UPID:pve:00011E61:0024A343:67C8CE17:qmstart:101:root@pam!panelx:; Still waiting on: pve
[2025-03-05 22:20:08] UPID:pve:00011E61:0024A343:67C8CE17:qmstart:101:root@pam!panelx:; Still waiting on: pve
[2025-03-05 22:20:09] UPID:pve:00011E61:0024A343:67C8CE17:qmstart:101:root@pam!panelx:; Still waiting on: pve
[2025-03-05 22:20:09] UPID:pve:00011E61:0024A343:67C8CE17:qmstart:101:root@pam!panelx: Done
[2025-03-05 22:24:02] UPID:pve:0001232C:0024FF60:67C8CF02:qmclone:100:root@pam!panelx:; clone from: pve ID: 101
[2025-03-05 22:24:02] UPID:pve:0001232C:0024FF60:67C8CF02:qmclone:100:root@pam!panelx:; Still waiting on: pve
[2025-03-05 22:24:04] UPID:pve:0001232C:0024FF60:67C8CF02:qmclone:100:root@pam!panelx:; Still waiting on: pve
[2025-03-05 22:24:04] UPID:pve:0001232C:0024FF60:67C8CF02:qmclone:100:root@pam!panelx: Done
[2025-03-05 22:24:04] Updated: 101
[2025-03-05 22:24:04] Netconfig: virtio,bridge=vmbr0,firewall=1
[2025-03-05 22:24:04] disk resize: scsi0 on VMID: 101
[2025-03-05 22:24:04] UPID:pve:00012363:0024FFFD:67C8CF04:qmstart:101:root@pam!panelx:; Start server: 101
[2025-03-05 22:24:04] UPID:pve:00012363:0024FFFD:67C8CF04:qmstart:101:root@pam!panelx:; Still waiting on: pve
[2025-03-05 22:24:05] UPID:pve:00012363:0024FFFD:67C8CF04:qmstart:101:root@pam!panelx:; Still waiting on: pve
[2025-03-05 22:24:06] UPID:pve:00012363:0024FFFD:67C8CF04:qmstart:101:root@pam!panelx:; Still waiting on: pve
[2025-03-05 22:24:06] UPID:pve:00012363:0024FFFD:67C8CF04:qmstart:101:root@pam!panelx: Done
[2025-03-05 22:24:14] UPID:pve:0001242C:002503BC:67C8CF0D:qmshutdown:101:root@pam!panelx:; Stop server: 101
[2025-03-05 22:24:14] UPID:pve:0001242C:002503BC:67C8CF0D:qmshutdown:101:root@pam!panelx:; Still waiting on: pve
[2025-03-05 22:24:15] UPID:pve:0001242C:002503BC:67C8CF0D:qmshutdown:101:root@pam!panelx:; Still waiting on: pve
[2025-03-05 22:24:16] UPID:pve:0001242C:002503BC:67C8CF0D:qmshutdown:101:root@pam!panelx:; Still waiting on: pve
[2025-03-05 22:24:17] UPID:pve:0001242C:002503BC:67C8CF0D:qmshutdown:101:root@pam!panelx:; Still waiting on: pve
[2025-03-05 22:24:18] UPID:pve:0001242C:002503BC:67C8CF0D:qmshutdown:101:root@pam!panelx:; Still waiting on: pve
[2025-03-05 22:24:19] UPID:pve:0001242C:002503BC:67C8CF0D:qmshutdown:101:root@pam!panelx:; Still waiting on: pve
[2025-03-05 22:24:20] UPID:pve:0001242C:002503BC:67C8CF0D:qmshutdown:101:root@pam!panelx:; Still waiting on: pve
[2025-03-05 22:24:21] UPID:pve:0001242C:002503BC:67C8CF0D:qmshutdown:101:root@pam!panelx:; Still waiting on: pve
[2025-03-05 22:24:22] UPID:pve:0001242C:002503BC:67C8CF0D:qmshutdown:101:root@pam!panelx:; Still waiting on: pve
[2025-03-05 22:24:23] UPID:pve:0001242C:002503BC:67C8CF0D:qmshutdown:101:root@pam!panelx:; Still waiting on: pve
[2025-03-05 22:24:25] UPID:pve:0001242C:002503BC:67C8CF0D:qmshutdown:101:root@pam!panelx:; Still waiting on: pve
[2025-03-05 22:24:26] UPID:pve:0001242C:002503BC:67C8CF0D:qmshutdown:101:root@pam!panelx:; Still waiting on: pve
[2025-03-05 22:24:27] UPID:pve:0001242C:002503BC:67C8CF0D:qmshutdown:101:root@pam!panelx:; Still waiting on: pve
[2025-03-05 22:24:28] UPID:pve:0001242C:002503BC:67C8CF0D:qmshutdown:101:root@pam!panelx:; Still waiting on: pve
[2025-03-05 22:24:29] UPID:pve:0001242C:002503BC:67C8CF0D:qmshutdown:101:root@pam!panelx:; Still waiting on: pve
[2025-03-05 22:24:30] UPID:pve:0001242C:002503BC:67C8CF0D:qmshutdown:101:root@pam!panelx:; Still waiting on: pve
[2025-03-05 22:24:31] UPID:pve:0001242C:002503BC:67C8CF0D:qmshutdown:101:root@pam!panelx:; Still waiting on: pve
[2025-03-05 22:24:32] UPID:pve:0001242C:002503BC:67C8CF0D:qmshutdown:101:root@pam!panelx:; Still waiting on: pve
[2025-03-05 22:24:33] UPID:pve:0001242C:002503BC:67C8CF0D:qmshutdown:101:root@pam!panelx:; Still waiting on: pve
[2025-03-05 22:24:34] UPID:pve:0001242C:002503BC:67C8CF0D:qmshutdown:101:root@pam!panelx:; Still waiting on: pve
[2025-03-05 22:24:35] UPID:pve:0001242C:002503BC:67C8CF0D:qmshutdown:101:root@pam!panelx:; Still waiting on: pve
[2025-03-05 22:24:36] UPID:pve:0001242C:002503BC:67C8CF0D:qmshutdown:101:root@pam!panelx:; Still waiting on: pve
[2025-03-05 22:24:38] UPID:pve:0001242C:002503BC:67C8CF0D:qmshutdown:101:root@pam!panelx:; Still waiting on: pve
[2025-03-05 22:24:39] UPID:pve:0001242C:002503BC:67C8CF0D:qmshutdown:101:root@pam!panelx:; Still waiting on: pve
[2025-03-05 22:24:40] UPID:pve:0001242C:002503BC:67C8CF0D:qmshutdown:101:root@pam!panelx:; Still waiting on: pve
[2025-03-05 22:24:41] UPID:pve:0001242C:002503BC:67C8CF0D:qmshutdown:101:root@pam!panelx:; Still waiting on: pve
[2025-03-05 22:24:42] UPID:pve:0001242C:002503BC:67C8CF0D:qmshutdown:101:root@pam!panelx:; Still waiting on: pve
[2025-03-05 22:24:43] UPID:pve:0001242C:002503BC:67C8CF0D:qmshutdown:101:root@pam!panelx:; Still waiting on: pve
[2025-03-05 22:24:44] UPID:pve:0001242C:002503BC:67C8CF0D:qmshutdown:101:root@pam!panelx:; Still waiting on: pve
[2025-03-05 22:24:45] UPID:pve:0001242C:002503BC:67C8CF0D:qmshutdown:101:root@pam!panelx:; Still waiting on: pve
[2025-03-05 22:24:46] UPID:pve:0001242C:002503BC:67C8CF0D:qmshutdown:101:root@pam!panelx:; Still waiting on: pve
[2025-03-05 22:24:47] UPID:pve:0001242C:002503BC:67C8CF0D:qmshutdown:101:root@pam!panelx:; Still waiting on: pve
[2025-03-05 22:24:48] UPID:pve:0001242C:002503BC:67C8CF0D:qmshutdown:101:root@pam!panelx:; Still waiting on: pve
[2025-03-05 22:24:50] UPID:pve:0001242C:002503BC:67C8CF0D:qmshutdown:101:root@pam!panelx:; Still waiting on: pve
[2025-03-05 22:24:51] UPID:pve:0001242C:002503BC:67C8CF0D:qmshutdown:101:root@pam!panelx:; Still waiting on: pve
[2025-03-05 22:24:52] UPID:pve:0001242C:002503BC:67C8CF0D:qmshutdown:101:root@pam!panelx:; Still waiting on: pve
[2025-03-05 22:24:53] UPID:pve:0001242C:002503BC:67C8CF0D:qmshutdown:101:root@pam!panelx:; Still waiting on: pve
[2025-03-05 22:24:54] UPID:pve:0001242C:002503BC:67C8CF0D:qmshutdown:101:root@pam!panelx:; Still waiting on: pve
[2025-03-05 22:24:55] UPID:pve:0001242C:002503BC:67C8CF0D:qmshutdown:101:root@pam!panelx:; Still waiting on: pve
[2025-03-05 22:24:56] UPID:pve:0001242C:002503BC:67C8CF0D:qmshutdown:101:root@pam!panelx:; Still waiting on: pve
[2025-03-05 22:24:57] UPID:pve:0001242C:002503BC:67C8CF0D:qmshutdown:101:root@pam!panelx:; Still waiting on: pve
[2025-03-05 22:24:58] UPID:pve:0001242C:002503BC:67C8CF0D:qmshutdown:101:root@pam!panelx:; Still waiting on: pve
[2025-03-05 22:24:59] UPID:pve:0001242C:002503BC:67C8CF0D:qmshutdown:101:root@pam!panelx:; Still waiting on: pve
[2025-03-05 22:25:00] UPID:pve:0001242C:002503BC:67C8CF0D:qmshutdown:101:root@pam!panelx:; Still waiting on: pve
[2025-03-05 22:25:02] UPID:pve:0001242C:002503BC:67C8CF0D:qmshutdown:101:root@pam!panelx:; Still waiting on: pve
[2025-03-05 22:25:03] UPID:pve:0001242C:002503BC:67C8CF0D:qmshutdown:101:root@pam!panelx:; Still waiting on: pve
[2025-03-05 22:25:04] UPID:pve:0001242C:002503BC:67C8CF0D:qmshutdown:101:root@pam!panelx:; Still waiting on: pve
[2025-03-05 22:25:05] UPID:pve:0001242C:002503BC:67C8CF0D:qmshutdown:101:root@pam!panelx:; Still waiting on: pve
[2025-03-05 22:25:06] UPID:pve:0001242C:002503BC:67C8CF0D:qmshutdown:101:root@pam!panelx:; Still waiting on: pve
[2025-03-05 22:25:07] UPID:pve:0001242C:002503BC:67C8CF0D:qmshutdown:101:root@pam!panelx:; Still waiting on: pve
[2025-03-05 22:25:08] UPID:pve:0001242C:002503BC:67C8CF0D:qmshutdown:101:root@pam!panelx:; Still waiting on: pve
[2025-03-05 22:25:09] UPID:pve:0001242C:002503BC:67C8CF0D:qmshutdown:101:root@pam!panelx:; Still waiting on: pve
[2025-03-05 22:25:10] UPID:pve:0001242C:002503BC:67C8CF0D:qmshutdown:101:root@pam!panelx:; Still waiting on: pve
[2025-03-05 22:25:11] UPID:pve:0001242C:002503BC:67C8CF0D:qmshutdown:101:root@pam!panelx:; Still waiting on: pve
[2025-03-05 22:25:12] UPID:pve:0001242C:002503BC:67C8CF0D:qmshutdown:101:root@pam!panelx:; Still waiting on: pve
[2025-03-05 22:25:14] UPID:pve:0001242C:002503BC:67C8CF0D:qmshutdown:101:root@pam!panelx:; Still waiting on: pve
[2025-03-05 22:25:15] UPID:pve:0001242C:002503BC:67C8CF0D:qmshutdown:101:root@pam!panelx:; Still waiting on: pve
[2025-03-05 22:25:16] UPID:pve:0001242C:002503BC:67C8CF0D:qmshutdown:101:root@pam!panelx:; Still waiting on: pve
[2025-03-05 22:25:17] UPID:pve:0001242C:002503BC:67C8CF0D:qmshutdown:101:root@pam!panelx:; Still waiting on: pve
[2025-03-05 22:25:18] UPID:pve:0001242C:002503BC:67C8CF0D:qmshutdown:101:root@pam!panelx:; Still waiting on: pve
[2025-03-05 22:25:19] UPID:pve:0001242C:002503BC:67C8CF0D:qmshutdown:101:root@pam!panelx:; Still waiting on: pve
[2025-03-05 22:25:20] UPID:pve:0001242C:002503BC:67C8CF0D:qmshutdown:101:root@pam!panelx:; Still waiting on: pve
[2025-03-05 22:25:21] UPID:pve:0001242C:002503BC:67C8CF0D:qmshutdown:101:root@pam!panelx:; Still waiting on: pve
[2025-03-05 22:25:22] UPID:pve:0001242C:002503BC:67C8CF0D:qmshutdown:101:root@pam!panelx:; Still waiting on: pve
[2025-03-05 22:25:23] UPID:pve:0001242C:002503BC:67C8CF0D:qmshutdown:101:root@pam!panelx:; Still waiting on: pve
[2025-03-05 22:25:24] UPID:pve:0001242C:002503BC:67C8CF0D:qmshutdown:101:root@pam!panelx:; Still waiting on: pve
[2025-03-05 22:25:26] UPID:pve:0001242C:002503BC:67C8CF0D:qmshutdown:101:root@pam!panelx:; Still waiting on: pve
[2025-03-05 22:25:27] UPID:pve:0001242C:002503BC:67C8CF0D:qmshutdown:101:root@pam!panelx:; Still waiting on: pve
[2025-03-05 22:25:28] UPID:pve:0001242C:002503BC:67C8CF0D:qmshutdown:101:root@pam!panelx:; Still waiting on: pve
[2025-03-05 22:25:29] UPID:pve:0001242C:002503BC:67C8CF0D:qmshutdown:101:root@pam!panelx:; Still waiting on: pve
[2025-03-05 22:25:30] UPID:pve:0001242C:002503BC:67C8CF0D:qmshutdown:101:root@pam!panelx:; Still waiting on: pve
[2025-03-05 22:25:31] UPID:pve:0001242C:002503BC:67C8CF0D:qmshutdown:101:root@pam!panelx:; Still waiting on: pve
[2025-03-05 22:25:32] UPID:pve:0001242C:002503BC:67C8CF0D:qmshutdown:101:root@pam!panelx:; Still waiting on: pve
[2025-03-05 22:25:33] UPID:pve:0001242C:002503BC:67C8CF0D:qmshutdown:101:root@pam!panelx:; Still waiting on: pve
[2025-03-05 22:25:34] UPID:pve:0001242C:002503BC:67C8CF0D:qmshutdown:101:root@pam!panelx:; Still waiting on: pve
[2025-03-05 22:25:35] UPID:pve:0001242C:002503BC:67C8CF0D:qmshutdown:101:root@pam!panelx:; Still waiting on: pve
[2025-03-05 22:25:36] UPID:pve:0001242C:002503BC:67C8CF0D:qmshutdown:101:root@pam!panelx:; Still waiting on: pve
[2025-03-05 22:25:38] UPID:pve:0001242C:002503BC:67C8CF0D:qmshutdown:101:root@pam!panelx:; Still waiting on: pve
[2025-03-05 22:25:39] UPID:pve:0001242C:002503BC:67C8CF0D:qmshutdown:101:root@pam!panelx:; Still waiting on: pve
[2025-03-05 22:25:40] UPID:pve:0001242C:002503BC:67C8CF0D:qmshutdown:101:root@pam!panelx:; Still waiting on: pve
[2025-03-05 22:25:41] UPID:pve:0001242C:002503BC:67C8CF0D:qmshutdown:101:root@pam!panelx:; Still waiting on: pve
[2025-03-05 22:25:42] UPID:pve:0001242C:002503BC:67C8CF0D:qmshutdown:101:root@pam!panelx:; Still waiting on: pve
[2025-03-05 22:25:43] UPID:pve:0001242C:002503BC:67C8CF0D:qmshutdown:101:root@pam!panelx:; Still waiting on: pve
[2025-03-05 22:25:44] UPID:pve:0001242C:002503BC:67C8CF0D:qmshutdown:101:root@pam!panelx:; Still waiting on: pve
[2025-03-05 22:25:45] UPID:pve:0001242C:002503BC:67C8CF0D:qmshutdown:101:root@pam!panelx:; Still waiting on: pve
[2025-03-05 22:25:46] UPID:pve:0001242C:002503BC:67C8CF0D:qmshutdown:101:root@pam!panelx:; Still waiting on: pve
[2025-03-05 22:25:47] UPID:pve:0001242C:002503BC:67C8CF0D:qmshutdown:101:root@pam!panelx:; Still waiting on: pve
[2025-03-05 22:25:48] UPID:pve:0001242C:002503BC:67C8CF0D:qmshutdown:101:root@pam!panelx:; Still waiting on: pve
[2025-03-05 22:25:50] UPID:pve:0001242C:002503BC:67C8CF0D:qmshutdown:101:root@pam!panelx:; Still waiting on: pve
[2025-03-05 22:25:51] UPID:pve:0001242C:002503BC:67C8CF0D:qmshutdown:101:root@pam!panelx:; Still waiting on: pve
[2025-03-05 22:25:52] UPID:pve:0001242C:002503BC:67C8CF0D:qmshutdown:101:root@pam!panelx:; Still waiting on: pve
[2025-03-05 22:25:53] UPID:pve:0001242C:002503BC:67C8CF0D:qmshutdown:101:root@pam!panelx:; Still waiting on: pve
[2025-03-05 22:25:54] UPID:pve:0001242C:002503BC:67C8CF0D:qmshutdown:101:root@pam!panelx:; Still waiting on: pve
[2025-03-05 22:25:55] UPID:pve:0001242C:002503BC:67C8CF0D:qmshutdown:101:root@pam!panelx:; Still waiting on: pve
[2025-03-05 22:25:56] UPID:pve:0001242C:002503BC:67C8CF0D:qmshutdown:101:root@pam!panelx:; Still waiting on: pve
[2025-03-05 22:25:57] UPID:pve:0001242C:002503BC:67C8CF0D:qmshutdown:101:root@pam!panelx:; Still waiting on: pve
[2025-03-05 22:25:58] UPID:pve:0001242C:002503BC:67C8CF0D:qmshutdown:101:root@pam!panelx:; Still waiting on: pve
[2025-03-05 22:25:59] UPID:pve:0001242C:002503BC:67C8CF0D:qmshutdown:101:root@pam!panelx:; Still waiting on: pve
[2025-03-05 22:26:00] UPID:pve:0001242C:002503BC:67C8CF0D:qmshutdown:101:root@pam!panelx:; Still waiting on: pve
[2025-03-05 22:26:01] UPID:pve:0001242C:002503BC:67C8CF0D:qmshutdown:101:root@pam!panelx:; Still waiting on: pve
[2025-03-05 22:26:03] UPID:pve:0001242C:002503BC:67C8CF0D:qmshutdown:101:root@pam!panelx:; Still waiting on: pve
[2025-03-05 22:26:04] UPID:pve:0001242C:002503BC:67C8CF0D:qmshutdown:101:root@pam!panelx:; Still waiting on: pve
[2025-03-05 22:26:05] UPID:pve:0001242C:002503BC:67C8CF0D:qmshutdown:101:root@pam!panelx:; Still waiting on: pve
[2025-03-05 22:26:06] UPID:pve:0001242C:002503BC:67C8CF0D:qmshutdown:101:root@pam!panelx:; Still waiting on: pve
[2025-03-05 22:26:07] UPID:pve:0001242C:002503BC:67C8CF0D:qmshutdown:101:root@pam!panelx:; Still waiting on: pve
[2025-03-05 22:26:08] UPID:pve:0001242C:002503BC:67C8CF0D:qmshutdown:101:root@pam!panelx:; Still waiting on: pve
[2025-03-05 22:26:09] UPID:pve:0001242C:002503BC:67C8CF0D:qmshutdown:101:root@pam!panelx:; Still waiting on: pve
[2025-03-05 22:26:10] UPID:pve:0001242C:002503BC:67C8CF0D:qmshutdown:101:root@pam!panelx:; Still waiting on: pve
[2025-03-05 22:26:11] UPID:pve:0001242C:002503BC:67C8CF0D:qmshutdown:101:root@pam!panelx:; Still waiting on: pve
[2025-03-05 22:26:12] UPID:pve:0001242C:002503BC:67C8CF0D:qmshutdown:101:root@pam!panelx:; Still waiting on: pve
[2025-03-05 22:26:13] UPID:pve:0001242C:002503BC:67C8CF0D:qmshutdown:101:root@pam!panelx:; Still waiting on: pve
[2025-03-05 22:26:15] UPID:pve:0001242C:002503BC:67C8CF0D:qmshutdown:101:root@pam!panelx:; Still waiting on: pve
[2025-03-05 22:26:16] UPID:pve:0001242C:002503BC:67C8CF0D:qmshutdown:101:root@pam!panelx:; Still waiting on: pve
[2025-03-05 22:26:17] UPID:pve:0001242C:002503BC:67C8CF0D:qmshutdown:101:root@pam!panelx:; Still waiting on: pve
[2025-03-05 22:26:18] UPID:pve:0001242C:002503BC:67C8CF0D:qmshutdown:101:root@pam!panelx:; Still waiting on: pve
[2025-03-05 22:26:18] UPID:pve:0001242C:002503BC:67C8CF0D:qmshutdown:101:root@pam!panelx: Done
[2025-03-05 22:27:19] UPID:pve:00012A96:00254C3E:67C8CFC7:qmclone:100:root@pam!panelx:; clone from: pve ID: 101
[2025-03-05 22:27:19] UPID:pve:00012A96:00254C3E:67C8CFC7:qmclone:100:root@pam!panelx:; Still waiting on: pve
[2025-03-05 22:27:20] UPID:pve:00012A96:00254C3E:67C8CFC7:qmclone:100:root@pam!panelx:; Still waiting on: pve
[2025-03-05 22:27:20] UPID:pve:00012A96:00254C3E:67C8CFC7:qmclone:100:root@pam!panelx: Done
[2025-03-05 22:27:20] Updated: 101
[2025-03-05 22:27:20] Netconfig: virtio,bridge=vmbr0,firewall=1
[2025-03-05 22:27:20] disk resize: scsi0 on VMID: 101
[2025-03-05 22:27:21] UPID:pve:00012AB1:00254CDA:67C8CFC9:qmstart:101:root@pam!panelx:; Start server: 101
[2025-03-05 22:27:21] UPID:pve:00012AB1:00254CDA:67C8CFC9:qmstart:101:root@pam!panelx:; Still waiting on: pve
[2025-03-05 22:27:22] UPID:pve:00012AB1:00254CDA:67C8CFC9:qmstart:101:root@pam!panelx:; Still waiting on: pve
[2025-03-05 22:27:23] UPID:pve:00012AB1:00254CDA:67C8CFC9:qmstart:101:root@pam!panelx:; Still waiting on: pve
[2025-03-05 22:27:23] UPID:pve:00012AB1:00254CDA:67C8CFC9:qmstart:101:root@pam!panelx: Done
[2025-03-05 22:29:14] UPID:pve:00012EC6:0025793E:67C8D03A:qmshutdown:101:root@pam!panelx:; Stop server: 101
[2025-03-05 22:29:14] UPID:pve:00012EC6:0025793E:67C8D03A:qmshutdown:101:root@pam!panelx:; Still waiting on: pve
[2025-03-05 22:29:16] UPID:pve:00012EC6:0025793E:67C8D03A:qmshutdown:101:root@pam!panelx:; Still waiting on: pve
[2025-03-05 22:29:17] UPID:pve:00012EC6:0025793E:67C8D03A:qmshutdown:101:root@pam!panelx:; Still waiting on: pve
[2025-03-05 22:29:18] UPID:pve:00012EC6:0025793E:67C8D03A:qmshutdown:101:root@pam!panelx:; Still waiting on: pve
[2025-03-05 22:29:19] UPID:pve:00012EC6:0025793E:67C8D03A:qmshutdown:101:root@pam!panelx:; Still waiting on: pve
[2025-03-05 22:29:20] UPID:pve:00012EC6:0025793E:67C8D03A:qmshutdown:101:root@pam!panelx:; Still waiting on: pve
[2025-03-05 22:29:21] UPID:pve:00012EC6:0025793E:67C8D03A:qmshutdown:101:root@pam!panelx:; Still waiting on: pve
[2025-03-05 22:29:22] UPID:pve:00012EC6:0025793E:67C8D03A:qmshutdown:101:root@pam!panelx:; Still waiting on: pve
[2025-03-05 22:29:23] UPID:pve:00012EC6:0025793E:67C8D03A:qmshutdown:101:root@pam!panelx:; Still waiting on: pve
[2025-03-05 22:29:24] UPID:pve:00012EC6:0025793E:67C8D03A:qmshutdown:101:root@pam!panelx:; Still waiting on: pve
[2025-03-05 22:29:25] UPID:pve:00012EC6:0025793E:67C8D03A:qmshutdown:101:root@pam!panelx:; Still waiting on: pve
[2025-03-05 22:29:26] UPID:pve:00012EC6:0025793E:67C8D03A:qmshutdown:101:root@pam!panelx:; Still waiting on: pve
[2025-03-05 22:29:27] UPID:pve:00012EC6:0025793E:67C8D03A:qmshutdown:101:root@pam!panelx:; Still waiting on: pve
[2025-03-05 22:29:29] UPID:pve:00012EC6:0025793E:67C8D03A:qmshutdown:101:root@pam!panelx:; Still waiting on: pve
[2025-03-05 22:29:30] UPID:pve:00012EC6:0025793E:67C8D03A:qmshutdown:101:root@pam!panelx:; Still waiting on: pve
[2025-03-05 22:29:31] UPID:pve:00012EC6:0025793E:67C8D03A:qmshutdown:101:root@pam!panelx:; Still waiting on: pve
[2025-03-05 22:29:32] UPID:pve:00012EC6:0025793E:67C8D03A:qmshutdown:101:root@pam!panelx:; Still waiting on: pve
[2025-03-05 22:29:33] UPID:pve:00012EC6:0025793E:67C8D03A:qmshutdown:101:root@pam!panelx:; Still waiting on: pve
[2025-03-05 22:29:34] UPID:pve:00012EC6:0025793E:67C8D03A:qmshutdown:101:root@pam!panelx:; Still waiting on: pve
[2025-03-05 22:29:35] UPID:pve:00012EC6:0025793E:67C8D03A:qmshutdown:101:root@pam!panelx:; Still waiting on: pve
[2025-03-05 22:29:36] UPID:pve:00012EC6:0025793E:67C8D03A:qmshutdown:101:root@pam!panelx:; Still waiting on: pve
[2025-03-05 22:29:37] UPID:pve:00012EC6:0025793E:67C8D03A:qmshutdown:101:root@pam!panelx:; Still waiting on: pve
[2025-03-05 22:29:38] UPID:pve:00012EC6:0025793E:67C8D03A:qmshutdown:101:root@pam!panelx:; Still waiting on: pve
[2025-03-05 22:29:39] UPID:pve:00012EC6:0025793E:67C8D03A:qmshutdown:101:root@pam!panelx:; Still waiting on: pve
[2025-03-05 22:29:40] UPID:pve:00012EC6:0025793E:67C8D03A:qmshutdown:101:root@pam!panelx:; Still waiting on: pve
[2025-03-05 22:29:41] UPID:pve:00012EC6:0025793E:67C8D03A:qmshutdown:101:root@pam!panelx:; Still waiting on: pve
[2025-03-05 22:29:43] UPID:pve:00012EC6:0025793E:67C8D03A:qmshutdown:101:root@pam!panelx:; Still waiting on: pve
[2025-03-05 22:29:44] UPID:pve:00012EC6:0025793E:67C8D03A:qmshutdown:101:root@pam!panelx:; Still waiting on: pve
[2025-03-05 22:29:45] UPID:pve:00012EC6:0025793E:67C8D03A:qmshutdown:101:root@pam!panelx:; Still waiting on: pve
[2025-03-05 22:29:46] UPID:pve:00012EC6:0025793E:67C8D03A:qmshutdown:101:root@pam!panelx:; Still waiting on: pve
[2025-03-05 22:29:47] UPID:pve:00012EC6:0025793E:67C8D03A:qmshutdown:101:root@pam!panelx:; Still waiting on: pve
[2025-03-05 22:29:48] UPID:pve:00012EC6:0025793E:67C8D03A:qmshutdown:101:root@pam!panelx:; Still waiting on: pve
[2025-03-05 22:29:49] UPID:pve:00012EC6:0025793E:67C8D03A:qmshutdown:101:root@pam!panelx:; Still waiting on: pve
[2025-03-05 22:29:50] UPID:pve:00012EC6:0025793E:67C8D03A:qmshutdown:101:root@pam!panelx:; Still waiting on: pve
[2025-03-05 22:29:51] UPID:pve:00012EC6:0025793E:67C8D03A:qmshutdown:101:root@pam!panelx:; Still waiting on: pve
[2025-03-05 22:29:52] UPID:pve:00012EC6:0025793E:67C8D03A:qmshutdown:101:root@pam!panelx:; Still waiting on: pve
[2025-03-05 22:29:53] UPID:pve:00012EC6:0025793E:67C8D03A:qmshutdown:101:root@pam!panelx:; Still waiting on: pve
[2025-03-05 22:29:55] UPID:pve:00012EC6:0025793E:67C8D03A:qmshutdown:101:root@pam!panelx:; Still waiting on: pve
[2025-03-05 22:29:56] UPID:pve:00012EC6:0025793E:67C8D03A:qmshutdown:101:root@pam!panelx:; Still waiting on: pve
[2025-03-05 22:29:57] UPID:pve:00012EC6:0025793E:67C8D03A:qmshutdown:101:root@pam!panelx:; Still waiting on: pve
[2025-03-05 22:29:58] UPID:pve:00012EC6:0025793E:67C8D03A:qmshutdown:101:root@pam!panelx:; Still waiting on: pve
[2025-03-05 22:29:59] UPID:pve:00012EC6:0025793E:67C8D03A:qmshutdown:101:root@pam!panelx:; Still waiting on: pve
[2025-03-05 22:30:00] UPID:pve:00012EC6:0025793E:67C8D03A:qmshutdown:101:root@pam!panelx:; Still waiting on: pve
[2025-03-05 22:30:01] UPID:pve:00012EC6:0025793E:67C8D03A:qmshutdown:101:root@pam!panelx:; Still waiting on: pve
[2025-03-05 22:30:02] UPID:pve:00012EC6:0025793E:67C8D03A:qmshutdown:101:root@pam!panelx:; Still waiting on: pve
[2025-03-05 22:30:03] UPID:pve:00012EC6:0025793E:67C8D03A:qmshutdown:101:root@pam!panelx:; Still waiting on: pve
[2025-03-05 22:30:04] UPID:pve:00012EC6:0025793E:67C8D03A:qmshutdown:101:root@pam!panelx:; Still waiting on: pve
[2025-03-05 22:30:05] UPID:pve:00012EC6:0025793E:67C8D03A:qmshutdown:101:root@pam!panelx:; Still waiting on: pve
[2025-03-05 22:30:06] UPID:pve:00012EC6:0025793E:67C8D03A:qmshutdown:101:root@pam!panelx:; Still waiting on: pve
[2025-03-05 22:30:08] UPID:pve:00012EC6:0025793E:67C8D03A:qmshutdown:101:root@pam!panelx:; Still waiting on: pve
[2025-03-05 22:30:09] UPID:pve:00012EC6:0025793E:67C8D03A:qmshutdown:101:root@pam!panelx:; Still waiting on: pve
[2025-03-05 22:30:10] UPID:pve:00012EC6:0025793E:67C8D03A:qmshutdown:101:root@pam!panelx:; Still waiting on: pve
[2025-03-05 22:30:11] UPID:pve:00012EC6:0025793E:67C8D03A:qmshutdown:101:root@pam!panelx:; Still waiting on: pve
[2025-03-05 22:30:12] UPID:pve:00012EC6:0025793E:67C8D03A:qmshutdown:101:root@pam!panelx:; Still waiting on: pve
[2025-03-05 22:30:13] UPID:pve:00012EC6:0025793E:67C8D03A:qmshutdown:101:root@pam!panelx:; Still waiting on: pve
[2025-03-05 22:30:14] UPID:pve:00012EC6:0025793E:67C8D03A:qmshutdown:101:root@pam!panelx:; Still waiting on: pve
[2025-03-05 22:30:15] UPID:pve:00012EC6:0025793E:67C8D03A:qmshutdown:101:root@pam!panelx:; Still waiting on: pve
[2025-03-05 22:30:16] UPID:pve:00012EC6:0025793E:67C8D03A:qmshutdown:101:root@pam!panelx:; Still waiting on: pve
[2025-03-05 22:30:17] UPID:pve:00012EC6:0025793E:67C8D03A:qmshutdown:101:root@pam!panelx:; Still waiting on: pve
[2025-03-05 22:30:18] UPID:pve:00012EC6:0025793E:67C8D03A:qmshutdown:101:root@pam!panelx:; Still waiting on: pve
[2025-03-05 22:30:19] UPID:pve:00012EC6:0025793E:67C8D03A:qmshutdown:101:root@pam!panelx:; Still waiting on: pve
[2025-03-05 22:30:20] UPID:pve:00012EC6:0025793E:67C8D03A:qmshutdown:101:root@pam!panelx:; Still waiting on: pve
[2025-03-05 22:30:22] UPID:pve:00012EC6:0025793E:67C8D03A:qmshutdown:101:root@pam!panelx:; Still waiting on: pve
[2025-03-05 22:30:23] UPID:pve:00012EC6:0025793E:67C8D03A:qmshutdown:101:root@pam!panelx:; Still waiting on: pve
[2025-03-05 22:30:24] UPID:pve:00012EC6:0025793E:67C8D03A:qmshutdown:101:root@pam!panelx:; Still waiting on: pve
[2025-03-05 22:30:25] UPID:pve:00012EC6:0025793E:67C8D03A:qmshutdown:101:root@pam!panelx:; Still waiting on: pve
[2025-03-05 22:30:26] [INFO] Startin deletion of VMID: 101 on node pve
[2025-03-05 22:30:26] UPID:pve:00012EC6:0025793E:67C8D03A:qmshutdown:101:root@pam!panelx:; Still waiting on: pve
[2025-03-05 22:30:27] UPID:pve:00012EC6:0025793E:67C8D03A:qmshutdown:101:root@pam!panelx:; Still waiting on: pve
[2025-03-05 22:30:28] UPID:pve:00012EC6:0025793E:67C8D03A:qmshutdown:101:root@pam!panelx:; Still waiting on: pve
[2025-03-05 22:30:29] UPID:pve:00012EC6:0025793E:67C8D03A:qmshutdown:101:root@pam!panelx:; Still waiting on: pve
[2025-03-05 22:30:30] UPID:pve:00012EC6:0025793E:67C8D03A:qmshutdown:101:root@pam!panelx:; Still waiting on: pve
[2025-03-05 22:30:31] UPID:pve:00012EC6:0025793E:67C8D03A:qmshutdown:101:root@pam!panelx:; Still waiting on: pve
[2025-03-05 22:30:32] UPID:pve:00012EC6:0025793E:67C8D03A:qmshutdown:101:root@pam!panelx:; Still waiting on: pve
[2025-03-05 22:30:34] UPID:pve:00012EC6:0025793E:67C8D03A:qmshutdown:101:root@pam!panelx:; Still waiting on: pve
[2025-03-05 22:30:35] UPID:pve:00012EC6:0025793E:67C8D03A:qmshutdown:101:root@pam!panelx:; Still waiting on: pve
[2025-03-05 22:30:36] UPID:pve:00012EC6:0025793E:67C8D03A:qmshutdown:101:root@pam!panelx:; Still waiting on: pve
[2025-03-05 22:30:37] UPID:pve:00012EC6:0025793E:67C8D03A:qmshutdown:101:root@pam!panelx:; Still waiting on: pve
[2025-03-05 22:30:38] UPID:pve:00012EC6:0025793E:67C8D03A:qmshutdown:101:root@pam!panelx:; Still waiting on: pve
[2025-03-05 22:30:39] UPID:pve:00012EC6:0025793E:67C8D03A:qmshutdown:101:root@pam!panelx:; Still waiting on: pve
[2025-03-05 22:30:40] UPID:pve:00012EC6:0025793E:67C8D03A:qmshutdown:101:root@pam!panelx:; Still waiting on: pve
[2025-03-05 22:30:41] UPID:pve:00012EC6:0025793E:67C8D03A:qmshutdown:101:root@pam!panelx:; Still waiting on: pve
[2025-03-05 22:30:42] UPID:pve:00012EC6:0025793E:67C8D03A:qmshutdown:101:root@pam!panelx:; Still waiting on: pve
[2025-03-05 22:30:43] UPID:pve:00012EC6:0025793E:67C8D03A:qmshutdown:101:root@pam!panelx:; Still waiting on: pve
[2025-03-05 22:30:44] [INFO] Startin deletion of VMID: 101 on node pve
[2025-03-05 22:30:44] UPID:pve:00012EC6:0025793E:67C8D03A:qmshutdown:101:root@pam!panelx:; Still waiting on: pve
[2025-03-05 22:30:45] UPID:pve:00012EC6:0025793E:67C8D03A:qmshutdown:101:root@pam!panelx:; Still waiting on: pve
[2025-03-05 22:30:46] UPID:pve:00012EC6:0025793E:67C8D03A:qmshutdown:101:root@pam!panelx:; Still waiting on: pve
[2025-03-05 22:30:48] UPID:pve:00012EC6:0025793E:67C8D03A:qmshutdown:101:root@pam!panelx:; Still waiting on: pve
[2025-03-05 22:30:49] UPID:pve:00012EC6:0025793E:67C8D03A:qmshutdown:101:root@pam!panelx:; Still waiting on: pve
[2025-03-05 22:30:50] UPID:pve:00012EC6:0025793E:67C8D03A:qmshutdown:101:root@pam!panelx:; Still waiting on: pve
[2025-03-05 22:30:51] UPID:pve:00012EC6:0025793E:67C8D03A:qmshutdown:101:root@pam!panelx:; Still waiting on: pve
[2025-03-05 22:30:52] UPID:pve:00012EC6:0025793E:67C8D03A:qmshutdown:101:root@pam!panelx:; Still waiting on: pve
[2025-03-05 22:30:53] UPID:pve:00012EC6:0025793E:67C8D03A:qmshutdown:101:root@pam!panelx:; Still waiting on: pve
[2025-03-05 22:30:54] UPID:pve:00012EC6:0025793E:67C8D03A:qmshutdown:101:root@pam!panelx:; Still waiting on: pve
[2025-03-05 22:30:55] UPID:pve:00012EC6:0025793E:67C8D03A:qmshutdown:101:root@pam!panelx:; Still waiting on: pve
[2025-03-05 22:30:56] UPID:pve:00012EC6:0025793E:67C8D03A:qmshutdown:101:root@pam!panelx:; Still waiting on: pve
[2025-03-05 22:30:57] UPID:pve:00012EC6:0025793E:67C8D03A:qmshutdown:101:root@pam!panelx:; Still waiting on: pve
[2025-03-05 22:30:58] UPID:pve:00012EC6:0025793E:67C8D03A:qmshutdown:101:root@pam!panelx:; Still waiting on: pve
[2025-03-05 22:31:00] UPID:pve:00012EC6:0025793E:67C8D03A:qmshutdown:101:root@pam!panelx:; Still waiting on: pve
[2025-03-05 22:31:01] UPID:pve:00012EC6:0025793E:67C8D03A:qmshutdown:101:root@pam!panelx:; Still waiting on: pve
[2025-03-05 22:31:02] UPID:pve:00012EC6:0025793E:67C8D03A:qmshutdown:101:root@pam!panelx:; Still waiting on: pve
[2025-03-05 22:31:03] UPID:pve:00012EC6:0025793E:67C8D03A:qmshutdown:101:root@pam!panelx:; Still waiting on: pve
[2025-03-05 22:31:03] UPID:pve:00012EC6:0025793E:67C8D03A:qmshutdown:101:root@pam!panelx: Done
[2025-03-05 22:31:24] UPID:pve:000130BE:0025AC12:67C8D0BC:qmshutdown:101:root@pam!panelx:; Stop server: 101
[2025-03-05 22:31:25] UPID:pve:000130BE:0025AC12:67C8D0BC:qmshutdown:101:root@pam!panelx:; Still waiting on: pve
[2025-03-05 22:31:25] UPID:pve:000130BE:0025AC12:67C8D0BC:qmshutdown:101:root@pam!panelx: Done
[2025-03-05 22:31:28] [INFO] Startin deletion of VMID: 101 on node pve
[2025-03-05 22:31:28] UPID:pve:000130D4:0025AD70:67C8D0C0:qmdestroy:101:root@pam!panelx:; Delete server: 101
[2025-03-05 22:31:28] UPID:pve:000130D4:0025AD70:67C8D0C0:qmdestroy:101:root@pam!panelx:; Still waiting on: pve
[2025-03-05 22:31:29] UPID:pve:000130D4:0025AD70:67C8D0C0:qmdestroy:101:root@pam!panelx:; Still waiting on: pve
[2025-03-05 22:31:29] UPID:pve:000130D4:0025AD70:67C8D0C0:qmdestroy:101:root@pam!panelx: Done
[2025-03-05 23:11:22] UPID:pve:00017E77:002954AB:67C8DA1A:qmclone:100:root@pam!panelx:; clone from: pve ID: 101
[2025-03-05 23:11:22] UPID:pve:00017E77:002954AB:67C8DA1A:qmclone:100:root@pam!panelx:; Still waiting on: pve
[2025-03-05 23:11:23] UPID:pve:00017E77:002954AB:67C8DA1A:qmclone:100:root@pam!panelx:; Still waiting on: pve
[2025-03-05 23:11:23] UPID:pve:00017E77:002954AB:67C8DA1A:qmclone:100:root@pam!panelx: Done
[2025-03-05 23:11:23] Updated: 101
[2025-03-05 23:11:23] Netconfig: virtio,bridge=vmbr0,firewall=1
[2025-03-05 23:11:24] disk resize: scsi0 on VMID: 101
[2025-03-05 23:11:24] UPID:pve:00017E92:0029554C:67C8DA1C:qmstart:101:root@pam!panelx:; Start server: 101
[2025-03-05 23:11:24] UPID:pve:00017E92:0029554C:67C8DA1C:qmstart:101:root@pam!panelx:; Still waiting on: pve
[2025-03-05 23:11:25] UPID:pve:00017E92:0029554C:67C8DA1C:qmstart:101:root@pam!panelx:; Still waiting on: pve
[2025-03-05 23:11:26] UPID:pve:00017E92:0029554C:67C8DA1C:qmstart:101:root@pam!panelx:; Still waiting on: pve
[2025-03-05 23:11:26] UPID:pve:00017E92:0029554C:67C8DA1C:qmstart:101:root@pam!panelx: Done
